Downloading https://github.com/pnggroup/libpng/archive/v1.6.53.tar.gz -> pnggroup-libpng-v1.6.53.tar.gz
Successfully downloaded pnggroup-libpng-v1.6.53.tar.gz
-- Extracting source C:/Users/Luka/AppData/Local/vcpkg/downloads/pnggroup-libpng-v1.6.53.tar.gz
-- Applying patch cmake.patch
-- Using source at C:/dev/plate-tectonics/build-png/vcpkg_installed/vcpkg/blds/libpng/src/v1.6.53-b98b476139.clean
-- Configuring x64-windows
-- Building x64-windows-dbg
-- Building x64-windows-rel
-- Installing: C:/dev/plate-tectonics/build-png/vcpkg_installed/vcpkg/pkgs/libpng_x64-windows/share/png/vcpkg-cmake-wrapper.cmake
-- Installing: C:/dev/plate-tectonics/build-png/vcpkg_installed/vcpkg/pkgs/libpng_x64-windows/share/libpng/libpng-config.cmake
-- Fixing pkgconfig file: C:/dev/plate-tectonics/build-png/vcpkg_installed/vcpkg/pkgs/libpng_x64-windows/lib/pkgconfig/libpng16.pc
-- Using cached msys2-mingw-w64-x86_64-pkgconf-1~2.4.3-1-any.pkg.tar.zst
-- Using cached msys2-msys2-runtime-3.6.2-2-x86_64.pkg.tar.zst
-- Using msys root at C:/Users/Luka/AppData/Local/vcpkg/downloads/tools/msys2/9272adbcaf19caef
-- Fixing pkgconfig file: C:/dev/plate-tectonics/build-png/vcpkg_installed/vcpkg/pkgs/libpng_x64-windows/debug/lib/pkgconfig/libpng16.pc
-- Installing: C:/dev/plate-tectonics/build-png/vcpkg_installed/vcpkg/pkgs/libpng_x64-windows/debug/lib/pkgconfig/libpng.pc
-- Installing: C:/dev/plate-tectonics/build-png/vcpkg_installed/vcpkg/pkgs/libpng_x64-windows/lib/pkgconfig/libpng.pc
-- Installing: C:/dev/plate-tectonics/build-png/vcpkg_installed/vcpkg/pkgs/libpng_x64-windows/share/libpng/usage
-- Installing: C:/dev/plate-tectonics/build-png/vcpkg_installed/vcpkg/pkgs/libpng_x64-windows/share/libpng/copyright
-- Performing post-build validation
